2024-09-10 17:57:41,527 - INFO - initial learning rate=0.0020
2024-09-10 17:57:41,527 - INFO - initial weight decay rate=0.01000000
2024-09-10 18:00:27,580 - INFO - Epoch [1/70], Loss: 2.0771, Time : 166.053, lr : 0.00195130
2024-09-10 18:00:27,580 - INFO - Color: Top-1=0.52778, ACSA=0.52778, Val_loss=1.7294
2024-09-10 18:03:11,057 - INFO - Epoch [2/70], Loss: 1.7639, Time : 163.477, lr : 0.00180997
2024-09-10 18:03:11,058 - INFO - Color: Top-1=0.55889, ACSA=0.55889, Val_loss=1.6811
2024-09-10 18:05:54,894 - INFO - Epoch [3/70], Loss: 1.7006, Time : 163.836, lr : 0.00158985
2024-09-10 18:05:54,894 - INFO - Color: Top-1=0.58000, ACSA=0.58000, Val_loss=1.6086
2024-09-10 18:08:44,114 - INFO - Epoch [4/70], Loss: 1.6407, Time : 169.220, lr : 0.00131247
2024-09-10 18:08:44,114 - INFO - Color: Top-1=0.61167, ACSA=0.61167, Val_loss=1.5783
2024-09-10 18:11:29,424 - INFO - Epoch [5/70], Loss: 1.6190, Time : 165.309, lr : 0.00100500
2024-09-10 18:11:29,424 - INFO - Color: Top-1=0.60944, ACSA=0.60944, Val_loss=1.5701
2024-09-10 18:14:13,142 - INFO - Epoch [6/70], Loss: 1.5764, Time : 163.718, lr : 0.00069753
2024-09-10 18:14:13,142 - INFO - Color: Top-1=0.63500, ACSA=0.63500, Val_loss=1.5113
2024-09-10 18:16:59,969 - INFO - Epoch [7/70], Loss: 1.5298, Time : 166.827, lr : 0.00042015
2024-09-10 18:16:59,969 - INFO - Color: Top-1=0.64056, ACSA=0.64056, Val_loss=1.4952
2024-09-10 18:19:47,847 - INFO - Epoch [8/70], Loss: 1.4965, Time : 167.878, lr : 0.00020003
2024-09-10 18:19:47,847 - INFO - Color: Top-1=0.64722, ACSA=0.64722, Val_loss=1.4749
2024-09-10 18:22:32,381 - INFO - Epoch [9/70], Loss: 1.4737, Time : 164.534, lr : 0.00005870
2024-09-10 18:22:32,381 - INFO - Color: Top-1=0.64833, ACSA=0.64833, Val_loss=1.4700
2024-09-10 18:25:19,101 - INFO - Epoch [10/70], Loss: 1.4419, Time : 166.720, lr : 0.00001000
2024-09-10 18:25:19,101 - INFO - Color: Top-1=0.65278, ACSA=0.65278, Val_loss=1.4689
2024-09-10 18:28:10,048 - INFO - Epoch [11/70], Loss: 1.4363, Time : 170.947, lr : 0.00005870 ****
2024-09-10 18:28:10,048 - INFO - Color: Top-1=0.64833, ACSA=0.64833, Val_loss=1.4585
2024-09-10 18:30:53,859 - INFO - Epoch [12/70], Loss: 1.4537, Time : 163.811, lr : 0.00020003
2024-09-10 18:30:53,859 - INFO - Color: Top-1=0.64667, ACSA=0.64667, Val_loss=1.4635
2024-09-10 18:33:42,632 - INFO - Epoch [13/70], Loss: 1.4424, Time : 168.773, lr : 0.00042015
2024-09-10 18:33:42,633 - INFO - Color: Top-1=0.64167, ACSA=0.64167, Val_loss=1.4728
